<?xml version="1.0" encoding="UTF-8"?>
<!-- Generated by org.testng.reporters.JUnitReportReporter -->
<testsuite skipped="0" hostname="ml-srudrappan-01061-salido" name="Listeners.testNgExample" tests="1" failures="0" timestamp="2020-12-11T21:21:26 IST" time="2.032" errors="1">
  <testcase name="examplecase" time="2.032" classname="Listeners.testNgExample">
    <error type="org.openqa.selenium.SessionNotCreatedException" message="session not created: This version of ChromeDriver only supports Chrome version 85
Build info: version: &#039;3.141.0&#039;, revision: &#039;2ecb7d9a&#039;, time: &#039;2018-10-31T20:22:52&#039;
System info: host: &#039;ml-srudrappan-01061-salido&#039;, ip: &#039;fe80:0:0:0:ee:d583:8e65:8e55%en0&#039;, os.name: &#039;Mac OS X&#039;, os.arch: &#039;x86_64&#039;, os.version: &#039;10.15.7&#039;, java.version: &#039;1.8.0_241&#039;
Driver info: driver.version: ChromeDriver
remote stacktrace: 0   chromedriver                        0x000000010ae291b9 chromedriver + 4911545
1   chromedriver                        0x000000010adc8e03 chromedriver + 4517379
2   chromedriver                        0x000000010aa36dc6 chromedriver + 773574
3   chromedriver                        0x000000010a992452 chromedriver + 99410
4   chromedriver                        0x000000010a98ed6f chromedriver + 85359
5   chromedriver                        0x000000010a9bd716 chromedriver + 276246
6   chromedriver                        0x000000010a9ba723 chromedriver + 263971
7   chromedriver                        0x000000010a994720 chromedriver + 108320
8   chromedriver                        0x000000010a995693 chromedriver + 112275
9   chromedriver                        0x000000010adf1f72 chromedriver + 4685682
10  chromedriver                        0x000000010adffb3a chromedriver + 4741946
11  chromedriver                        0x000000010adff801 chromedriver + 4741121
12  chromedriver                        0x000000010add525e chromedriver + 4567646
13  chromedriver                        0x000000010ae00061 chromedriver + 4743265
14  chromedriver                        0x000000010ade6d0a chromedriver + 4640010
15  chromedriver                        0x000000010ae190ba chromedriver + 4845754
16  chromedriver                        0x000000010ae2f387 chromedriver + 4936583
17  libsystem_pthread.dylib             0x00007fff67569109 _pthread_start + 148
18  libsystem_pthread.dylib             0x00007fff67564b8b thread_start + 15
">
      <![CDATA[org.openqa.selenium.SessionNotCreatedException: session not created: This version of ChromeDriver only supports Chrome version 85
Build info: version: '3.141.0', revision: '2ecb7d9a', time: '2018-10-31T20:22:52'
System info: host: 'ml-srudrappan-01061-salido', ip: 'fe80:0:0:0:ee:d583:8e65:8e55%en0', os.name: 'Mac OS X', os.arch: 'x86_64', os.version: '10.15.7', java.version: '1.8.0_241'
Driver info: driver.version: ChromeDriver
remote stacktrace: 0   chromedriver                        0x000000010ae291b9 chromedriver + 4911545
1   chromedriver                        0x000000010adc8e03 chromedriver + 4517379
2   chromedriver                        0x000000010aa36dc6 chromedriver + 773574
3   chromedriver                        0x000000010a992452 chromedriver + 99410
4   chromedriver                        0x000000010a98ed6f chromedriver + 85359
5   chromedriver                        0x000000010a9bd716 chromedriver + 276246
6   chromedriver                        0x000000010a9ba723 chromedriver + 263971
7   chromedriver                        0x000000010a994720 chromedriver + 108320
8   chromedriver                        0x000000010a995693 chromedriver + 112275
9   chromedriver                        0x000000010adf1f72 chromedriver + 4685682
10  chromedriver                        0x000000010adffb3a chromedriver + 4741946
11  chromedriver                        0x000000010adff801 chromedriver + 4741121
12  chromedriver                        0x000000010add525e chromedriver + 4567646
13  chromedriver                        0x000000010ae00061 chromedriver + 4743265
14  chromedriver                        0x000000010ade6d0a chromedriver + 4640010
15  chromedriver                        0x000000010ae190ba chromedriver + 4845754
16  chromedriver                        0x000000010ae2f387 chromedriver + 4936583
17  libsystem_pthread.dylib             0x00007fff67569109 _pthread_start + 148
18  libsystem_pthread.dylib             0x00007fff67564b8b thread_start + 15

at sun.reflect.NativeConstructorAccessorImpl.newInstance0(Native Method)
at sun.reflect.NativeConstructorAccessorImpl.newInstance(NativeConstructorAccessorImpl.java:62)
at sun.reflect.DelegatingConstructorAccessorImpl.newInstance(DelegatingConstructorAccessorImpl.java:45)
at java.lang.reflect.Constructor.newInstance(Constructor.java:423)
at org.openqa.selenium.remote.W3CHandshakeResponse.lambda$errorHandler$0(W3CHandshakeResponse.java:62)
at org.openqa.selenium.remote.HandshakeResponse.lambda$getResponseFunction$0(HandshakeResponse.java:30)
at org.openqa.selenium.remote.ProtocolHandshake.lambda$createSession$0(ProtocolHandshake.java:123)
at java.util.stream.ReferencePipeline$3$1.accept(ReferencePipeline.java:193)
at java.util.Spliterators$ArraySpliterator.tryAdvance(Spliterators.java:958)
at java.util.stream.ReferencePipeline.forEachWithCancel(ReferencePipeline.java:126)
at java.util.stream.AbstractPipeline.copyIntoWithCancel(AbstractPipeline.java:499)
at java.util.stream.AbstractPipeline.copyInto(AbstractPipeline.java:486)
at java.util.stream.AbstractPipeline.wrapAndCopyInto(AbstractPipeline.java:472)
at java.util.stream.FindOps$FindOp.evaluateSequential(FindOps.java:152)
at java.util.stream.AbstractPipeline.evaluate(AbstractPipeline.java:234)
at java.util.stream.ReferencePipeline.findFirst(ReferencePipeline.java:464)
at org.openqa.selenium.remote.ProtocolHandshake.createSession(ProtocolHandshake.java:125)
at org.openqa.selenium.remote.ProtocolHandshake.createSession(ProtocolHandshake.java:74)
at org.openqa.selenium.remote.HttpCommandExecutor.execute(HttpCommandExecutor.java:136)
at org.openqa.selenium.remote.service.DriverCommandExecutor.execute(DriverCommandExecutor.java:83)
at org.openqa.selenium.remote.RemoteWebDriver.execute(RemoteWebDriver.java:552)
at org.openqa.selenium.remote.RemoteWebDriver.startSession(RemoteWebDriver.java:213)
at org.openqa.selenium.remote.RemoteWebDriver.<init>(RemoteWebDriver.java:131)
at org.openqa.selenium.chrome.ChromeDriver.<init>(ChromeDriver.java:181)
at org.openqa.selenium.chrome.ChromeDriver.<init>(ChromeDriver.java:168)
at org.openqa.selenium.chrome.ChromeDriver.<init>(ChromeDriver.java:123)
at Listeners.testNgExample.examplecase(testNgExample.java:17)
at sun.reflect.NativeMethodAccessorImpl.invoke0(Native Method)
at sun.reflect.NativeMethodAccessorImpl.invoke(NativeMethodAccessorImpl.java:62)
at sun.reflect.DelegatingMethodAccessorImpl.invoke(DelegatingMethodAccessorImpl.java:43)
at java.lang.reflect.Method.invoke(Method.java:498)
at org.testng.internal.MethodInvocationHelper.invokeMethod(MethodInvocationHelper.java:133)
at org.testng.internal.TestInvoker.invokeMethod(TestInvoker.java:584)
at org.testng.internal.TestInvoker.invokeTestMethod(TestInvoker.java:172)
at org.testng.internal.MethodRunner.runInSequence(MethodRunner.java:46)
at org.testng.internal.TestInvoker$MethodInvocationAgent.invoke(TestInvoker.java:804)
at org.testng.internal.TestInvoker.invokeTestMethods(TestInvoker.java:145)
at org.testng.internal.TestMethodWorker.invokeTestMethods(TestMethodWorker.java:146)
at org.testng.internal.TestMethodWorker.run(TestMethodWorker.java:128)
at java.util.ArrayList.forEach(ArrayList.java:1257)
at org.testng.TestRunner.privateRun(TestRunner.java:770)
at org.testng.TestRunner.run(TestRunner.java:591)
at org.testng.SuiteRunner.runTest(SuiteRunner.java:402)
at org.testng.SuiteRunner.runSequentially(SuiteRunner.java:396)
at org.testng.SuiteRunner.privateRun(SuiteRunner.java:355)
at org.testng.SuiteRunner.run(SuiteRunner.java:304)
at org.testng.SuiteRunnerWorker.runSuite(SuiteRunnerWorker.java:53)
at org.testng.SuiteRunnerWorker.run(SuiteRunnerWorker.java:96)
at org.testng.TestNG.runSuitesSequentially(TestNG.java:1180)
at org.testng.TestNG.runSuitesLocally(TestNG.java:1102)
at org.testng.TestNG.runSuites(TestNG.java:1032)
at org.testng.TestNG.run(TestNG.java:1000)
at org.testng.remote.AbstractRemoteTestNG.run(AbstractRemoteTestNG.java:115)
at org.testng.remote.RemoteTestNG.initAndRun(RemoteTestNG.java:251)
at org.testng.remote.RemoteTestNG.main(RemoteTestNG.java:77)
]]>
    </error>
  </testcase> <!-- examplecase -->
</testsuite> <!-- Listeners.testNgExample -->
